<?xml version="1.0" encoding="UTF-8"?>
<!-- Generated by org.testng.reporters.JUnitXMLReporter -->
<testsuite hostname="shupa144" ignored="0" name="testGuru" tests="2" failures="0" timestamp="25 Aug 2019 04:21:38 GMT" time="0.152" errors="0">
  <testcase name="JobTab" time="0.112" classname="com.automate.automation.testcase.linkedin.LinkedInJobTestcase"/>
  <testcase name="Linkedin_1" time="0.011" classname="com.automate.automation.testcase.linkedin.LinkedInJobTestcase"/>
</testsuite> <!-- testGuru -->
