<?xml version="1.0" encoding="UTF-8"?>
<!-- Generated by org.testng.reporters.JUnitXMLReporter -->
<testsuite hostname="shupa144" ignored="2" name="ovenstoryRegression" tests="1" failures="0" timestamp="25 Aug 2019 13:07:07 GMT" time="26.487" errors="0">
  <testcase name="TestCase1" time="26.465" classname="com.automate.automation.testcase.ovenstory.OvenStoryTestcase"/>
  <testcase name="TestCase3" time="0.0" classname="com.automate.automation.testcase.ovenstory.OvenStoryTestcase">
    <ignored/>
  </testcase> <!-- TestCase3 -->
  <testcase name="TestCase2" time="0.0" classname="com.automate.automation.testcase.ovenstory.OvenStoryTestcase">
    <ignored/>
  </testcase> <!-- TestCase2 -->
</testsuite> <!-- ovenstoryRegression -->
