<?xml version="1.0" encoding="UTF-8"?>
<!-- Generated by org.testng.reporters.JUnitXMLReporter -->
<testsuite hostname="shupa144" ignored="0" name="testngTest" tests="2" failures="0" timestamp="22 Aug 2019 05:51:36 GMT" time="28.144" errors="0">
  <testcase name="JobTab" time="18.187" classname="com.automate.automation.testcase.linkedin.LinkedInJobTestcase"/>
  <testcase name="Linkedin_1" time="9.922" classname="com.automate.automation.testcase.linkedin.LinkedInJobTestcase"/>
</testsuite> <!-- testngTest -->
