<?xml version="1.0" encoding="UTF-8"?>
<!-- Generated by org.testng.reporters.JUnitXMLReporter -->
<testsuite hostname="shupa144" ignored="0" name="testGuru" tests="2" failures="0" timestamp="20 Aug 2019 04:58:15 GMT" time="36.069" errors="0">
  <testcase name="JobTab" time="18.237" classname="com.automate.automation.testcase.linkedin.LinkedInJobTestcase"/>
  <testcase name="Linkedin_1" time="17.798" classname="com.automate.automation.testcase.linkedin.LinkedInJobTestcase"/>
</testsuite> <!-- testGuru -->
